<?xml version="1.0" encoding="UTF-8"?>
<!-- Generated by org.testng.reporters.JUnitXMLReporter -->
<testsuite ignored="0" hostname="DESKTOP-UQLK5NR" failures="0" tests="3" name="Test_RailYatra on Edge" time="167.495" errors="0" timestamp="2023-10-13T13:59:30 IST">
  <testcase classname="testPack.Calender_Textbox" name="Verify_Calender_Textbox" time="36.19"/>
  <testcase classname="testPack.From_and_to_textbox" name="Verify_From_Side_Textbox" time="23.956"/>
  <testcase classname="testPack.From_and_to_textbox" name="Verify_To_Side_Textbox" time="3.773"/>
</testsuite> <!-- Test_RailYatra on Edge -->
