<?xml version="1.0" encoding="UTF-8"?>
<!-- Generated by org.testng.reporters.JUnitXMLReporter -->
<testsuite ignored="0" hostname="DESKTOP-UQLK5NR" failures="0" tests="3" name="Test_RailYatra on Firefox" time="119.175" errors="0" timestamp="2023-10-13T13:56:42 IST">
  <testcase classname="testPack.Calender_Textbox" name="Verify_Calender_Textbox" time="16.395"/>
  <testcase classname="testPack.From_and_to_textbox" name="Verify_From_Side_Textbox" time="3.295"/>
  <testcase classname="testPack.From_and_to_textbox" name="Verify_To_Side_Textbox" time="3.741"/>
</testsuite> <!-- Test_RailYatra on Firefox -->
