<?xml version="1.0" encoding="UTF-8"?>
<testng-results ignored="0" total="9" passed="9" failed="0" skipped="0">
  <reporter-output>
  </reporter-output>
  <suite started-at="2023-10-13T13:52:45 IST" name="RailYatra_Suite" finished-at="2023-10-13T13:59:30 IST" duration-ms="404831">
    <groups>
    </groups>
    <test started-at="2023-10-13T13:52:45 IST" name="Test_RailYatra on Chrome" finished-at="2023-10-13T13:54:42 IST" duration-ms="117332">
      <class name="testPack.Calender_Textbox">
        <test-method is-config="true" signature="OpenBrowser(java.lang.String)[pri:0, instance:testPack.Calender_Textbox@408d971b]" started-at="2023-10-13T13:52:45 IST" name="OpenBrowser" finished-at="2023-10-13T13:53:17 IST" duration-ms="32426" status="PASS">
          <params>
            <param index="0">
              <value>
                <![CDATA[Chrome]]>
              </value>
            </param>
          </params>
          <reporter-output>
          </reporter-output>
        </test-method> <!-- OpenBrowser -->
        <test-method is-config="true" signature="Creating_Object()[pri:0, instance:testPack.Calender_Textbox@408d971b]" started-at="2023-10-13T13:53:46 IST" name="Creating_Object" finished-at="2023-10-13T13:53:46 IST" duration-ms="133" status="PASS">
          <reporter-output>
          </reporter-output>
        </test-method> <!-- Creating_Object -->
        <test-method signature="Verify_Calender_Textbox()[pri:0, instance:testPack.Calender_Textbox@408d971b]" started-at="2023-10-13T13:53:46 IST" name="Verify_Calender_Textbox" finished-at="2023-10-13T13:54:13 IST" duration-ms="27195" status="PASS">
          <reporter-output>
          </reporter-output>
        </test-method> <!-- Verify_Calender_Textbox -->
        <test-method is-config="true" signature="TakeScreenShot_Of_Failed_Test_Methods(org.testng.ITestResult)[pri:0, instance:testPack.Calender_Textbox@408d971b]" started-at="2023-10-13T13:54:13 IST" name="TakeScreenShot_Of_Failed_Test_Methods" finished-at="2023-10-13T13:54:13 IST" duration-ms="3" status="PASS">
          <params>
            <param index="0">
              <value>
                <![CDATA[[TestResult name=Verify_Calender_Textbox status=SUCCESS method=Calender_Textbox.Verify_Calender_Textbox()[pri:0, instance:testPack.Calender_Textbox@408d971b] output={null}]]]>
              </value>
            </param>
          </params>
          <reporter-output>
          </reporter-output>
        </test-method> <!-- TakeScreenShot_Of_Failed_Test_Methods -->
        <test-method is-config="true" signature="Clear_Objects()[pri:0, instance:testPack.Calender_Textbox@408d971b]" started-at="2023-10-13T13:54:13 IST" name="Clear_Objects" finished-at="2023-10-13T13:54:13 IST" duration-ms="1" status="PASS">
          <reporter-output>
          </reporter-output>
        </test-method> <!-- Clear_Objects -->
        <test-method is-config="true" signature="Close_Browser()[pri:0, instance:testPack.Calender_Textbox@408d971b]" started-at="2023-10-13T13:54:41 IST" name="Close_Browser" finished-at="2023-10-13T13:54:42 IST" duration-ms="346" status="PASS">
          <reporter-output>
          </reporter-output>
        </test-method> <!-- Close_Browser -->
      </class> <!-- testPack.Calender_Textbox -->
      <class name="testPack.From_and_to_textbox">
        <test-method is-config="true" signature="Open_Browser(java.lang.String)[pri:0, instance:testPack.From_and_to_textbox@34e9fd99]" started-at="2023-10-13T13:53:17 IST" name="Open_Browser" finished-at="2023-10-13T13:53:46 IST" duration-ms="28595" status="PASS">
          <params>
            <param index="0">
              <value>
                <![CDATA[Chrome]]>
              </value>
            </param>
          </params>
          <reporter-output>
          </reporter-output>
        </test-method> <!-- Open_Browser -->
        <test-method is-config="true" signature="Creating_Objects()[pri:0, instance:testPack.From_and_to_textbox@34e9fd99]" started-at="2023-10-13T13:54:13 IST" name="Creating_Objects" finished-at="2023-10-13T13:54:13 IST" duration-ms="2" status="PASS">
          <reporter-output>
          </reporter-output>
        </test-method> <!-- Creating_Objects -->
        <test-method signature="Verify_From_Side_Textbox()[pri:0, instance:testPack.From_and_to_textbox@34e9fd99]" started-at="2023-10-13T13:54:13 IST" name="Verify_From_Side_Textbox" finished-at="2023-10-13T13:54:38 IST" duration-ms="24605" status="PASS">
          <reporter-output>
          </reporter-output>
        </test-method> <!-- Verify_From_Side_Textbox -->
        <test-method is-config="true" signature="TakeScreenShot_Of_Failed_Test_Methods(org.testng.ITestResult)[pri:0, instance:testPack.From_and_to_textbox@34e9fd99]" started-at="2023-10-13T13:54:38 IST" name="TakeScreenShot_Of_Failed_Test_Methods" finished-at="2023-10-13T13:54:38 IST" duration-ms="1" status="PASS">
          <params>
            <param index="0">
              <value>
                <![CDATA[[TestResult name=Verify_From_Side_Textbox status=SUCCESS method=From_and_to_textbox.Verify_From_Side_Textbox()[pri:0, instance:testPack.From_and_to_textbox@34e9fd99] output={null}]]]>
              </value>
            </param>
          </params>
          <reporter-output>
          </reporter-output>
        </test-method> <!-- TakeScreenShot_Of_Failed_Test_Methods -->
        <test-method signature="Verify_To_Side_Textbox()[pri:0, instance:testPack.From_and_to_textbox@34e9fd99]" started-at="2023-10-13T13:54:38 IST" name="Verify_To_Side_Textbox" finished-at="2023-10-13T13:54:41 IST" duration-ms="3420" status="PASS">
          <reporter-output>
          </reporter-output>
        </test-method> <!-- Verify_To_Side_Textbox -->
        <test-method is-config="true" signature="TakeScreenShot_Of_Failed_Test_Methods(org.testng.ITestResult)[pri:0, instance:testPack.From_and_to_textbox@34e9fd99]" started-at="2023-10-13T13:54:41 IST" name="TakeScreenShot_Of_Failed_Test_Methods" finished-at="2023-10-13T13:54:41 IST" duration-ms="2" status="PASS">
          <params>
            <param index="0">
              <value>
                <![CDATA[[TestResult name=Verify_To_Side_Textbox status=SUCCESS method=From_and_to_textbox.Verify_To_Side_Textbox()[pri:0, instance:testPack.From_and_to_textbox@34e9fd99] output={null}]]]>
              </value>
            </param>
          </params>
          <reporter-output>
          </reporter-output>
        </test-method> <!-- TakeScreenShot_Of_Failed_Test_Methods -->
        <test-method is-config="true" signature="Clear_Object()[pri:0, instance:testPack.From_and_to_textbox@34e9fd99]" started-at="2023-10-13T13:54:41 IST" name="Clear_Object" finished-at="2023-10-13T13:54:41 IST" duration-ms="5" status="PASS">
          <reporter-output>
          </reporter-output>
        </test-method> <!-- Clear_Object -->
        <test-method is-config="true" signature="Close_Browser()[pri:0, instance:testPack.From_and_to_textbox@34e9fd99]" started-at="2023-10-13T13:54:42 IST" name="Close_Browser" finished-at="2023-10-13T13:54:42 IST" duration-ms="372" status="PASS">
          <reporter-output>
          </reporter-output>
        </test-method> <!-- Close_Browser -->
      </class> <!-- testPack.From_and_to_textbox -->
    </test> <!-- Test_RailYatra on Chrome -->
    <test started-at="2023-10-13T13:54:42 IST" name="Test_RailYatra on Firefox" finished-at="2023-10-13T13:56:41 IST" duration-ms="119175">
      <class name="testPack.Calender_Textbox">
        <test-method is-config="true" signature="OpenBrowser(java.lang.String)[pri:0, instance:testPack.Calender_Textbox@302552ec]" started-at="2023-10-13T13:54:42 IST" name="OpenBrowser" finished-at="2023-10-13T13:55:20 IST" duration-ms="38149" status="PASS">
          <params>
            <param index="0">
              <value>
                <![CDATA[Firefox]]>
              </value>
            </param>
          </params>
          <reporter-output>
          </reporter-output>
        </test-method> <!-- OpenBrowser -->
        <test-method is-config="true" signature="Creating_Object()[pri:0, instance:testPack.Calender_Textbox@302552ec]" started-at="2023-10-13T13:56:05 IST" name="Creating_Object" finished-at="2023-10-13T13:56:05 IST" duration-ms="108" status="PASS">
          <reporter-output>
          </reporter-output>
        </test-method> <!-- Creating_Object -->
        <test-method signature="Verify_Calender_Textbox()[pri:0, instance:testPack.Calender_Textbox@302552ec]" started-at="2023-10-13T13:56:05 IST" name="Verify_Calender_Textbox" finished-at="2023-10-13T13:56:21 IST" duration-ms="16395" status="PASS">
          <reporter-output>
          </reporter-output>
        </test-method> <!-- Verify_Calender_Textbox -->
        <test-method is-config="true" signature="TakeScreenShot_Of_Failed_Test_Methods(org.testng.ITestResult)[pri:0, instance:testPack.Calender_Textbox@302552ec]" started-at="2023-10-13T13:56:21 IST" name="TakeScreenShot_Of_Failed_Test_Methods" finished-at="2023-10-13T13:56:21 IST" duration-ms="7" status="PASS">
          <params>
            <param index="0">
              <value>
                <![CDATA[[TestResult name=Verify_Calender_Textbox status=SUCCESS method=Calender_Textbox.Verify_Calender_Textbox()[pri:0, instance:testPack.Calender_Textbox@302552ec] output={null}]]]>
              </value>
            </param>
          </params>
          <reporter-output>
          </reporter-output>
        </test-method> <!-- TakeScreenShot_Of_Failed_Test_Methods -->
        <test-method is-config="true" signature="Clear_Objects()[pri:0, instance:testPack.Calender_Textbox@302552ec]" started-at="2023-10-13T13:56:21 IST" name="Clear_Objects" finished-at="2023-10-13T13:56:21 IST" duration-ms="2" status="PASS">
          <reporter-output>
          </reporter-output>
        </test-method> <!-- Clear_Objects -->
        <test-method is-config="true" signature="Close_Browser()[pri:0, instance:testPack.Calender_Textbox@302552ec]" started-at="2023-10-13T13:56:28 IST" name="Close_Browser" finished-at="2023-10-13T13:56:35 IST" duration-ms="6838" status="PASS">
          <reporter-output>
          </reporter-output>
        </test-method> <!-- Close_Browser -->
      </class> <!-- testPack.Calender_Textbox -->
      <class name="testPack.From_and_to_textbox">
        <test-method is-config="true" signature="Open_Browser(java.lang.String)[pri:0, instance:testPack.From_and_to_textbox@3d285d7e]" started-at="2023-10-13T13:55:20 IST" name="Open_Browser" finished-at="2023-10-13T13:56:05 IST" duration-ms="44527" status="PASS">
          <params>
            <param index="0">
              <value>
                <![CDATA[Firefox]]>
              </value>
            </param>
          </params>
          <reporter-output>
          </reporter-output>
        </test-method> <!-- Open_Browser -->
        <test-method is-config="true" signature="Creating_Objects()[pri:0, instance:testPack.From_and_to_textbox@3d285d7e]" started-at="2023-10-13T13:56:21 IST" name="Creating_Objects" finished-at="2023-10-13T13:56:21 IST" duration-ms="2" status="PASS">
          <reporter-output>
          </reporter-output>
        </test-method> <!-- Creating_Objects -->
        <test-method signature="Verify_From_Side_Textbox()[pri:0, instance:testPack.From_and_to_textbox@3d285d7e]" started-at="2023-10-13T13:56:21 IST" name="Verify_From_Side_Textbox" finished-at="2023-10-13T13:56:25 IST" duration-ms="3295" status="PASS">
          <reporter-output>
          </reporter-output>
        </test-method> <!-- Verify_From_Side_Textbox -->
        <test-method is-config="true" signature="TakeScreenShot_Of_Failed_Test_Methods(org.testng.ITestResult)[pri:0, instance:testPack.From_and_to_textbox@3d285d7e]" started-at="2023-10-13T13:56:25 IST" name="TakeScreenShot_Of_Failed_Test_Methods" finished-at="2023-10-13T13:56:25 IST" duration-ms="2" status="PASS">
          <params>
            <param index="0">
              <value>
                <![CDATA[[TestResult name=Verify_From_Side_Textbox status=SUCCESS method=From_and_to_textbox.Verify_From_Side_Textbox()[pri:0, instance:testPack.From_and_to_textbox@3d285d7e] output={null}]]]>
              </value>
            </param>
          </params>
          <reporter-output>
          </reporter-output>
        </test-method> <!-- TakeScreenShot_Of_Failed_Test_Methods -->
        <test-method signature="Verify_To_Side_Textbox()[pri:0, instance:testPack.From_and_to_textbox@3d285d7e]" started-at="2023-10-13T13:56:25 IST" name="Verify_To_Side_Textbox" finished-at="2023-10-13T13:56:28 IST" duration-ms="3741" status="PASS">
          <reporter-output>
          </reporter-output>
        </test-method> <!-- Verify_To_Side_Textbox -->
        <test-method is-config="true" signature="TakeScreenShot_Of_Failed_Test_Methods(org.testng.ITestResult)[pri:0, instance:testPack.From_and_to_textbox@3d285d7e]" started-at="2023-10-13T13:56:28 IST" name="TakeScreenShot_Of_Failed_Test_Methods" finished-at="2023-10-13T13:56:28 IST" duration-ms="1" status="PASS">
          <params>
            <param index="0">
              <value>
                <![CDATA[[TestResult name=Verify_To_Side_Textbox status=SUCCESS method=From_and_to_textbox.Verify_To_Side_Textbox()[pri:0, instance:testPack.From_and_to_textbox@3d285d7e] output={null}]]]>
              </value>
            </param>
          </params>
          <reporter-output>
          </reporter-output>
        </test-method> <!-- TakeScreenShot_Of_Failed_Test_Methods -->
        <test-method is-config="true" signature="Clear_Object()[pri:0, instance:testPack.From_and_to_textbox@3d285d7e]" started-at="2023-10-13T13:56:28 IST" name="Clear_Object" finished-at="2023-10-13T13:56:28 IST" duration-ms="1" status="PASS">
          <reporter-output>
          </reporter-output>
        </test-method> <!-- Clear_Object -->
        <test-method is-config="true" signature="Close_Browser()[pri:0, instance:testPack.From_and_to_textbox@3d285d7e]" started-at="2023-10-13T13:56:35 IST" name="Close_Browser" finished-at="2023-10-13T13:56:41 IST" duration-ms="6005" status="PASS">
          <reporter-output>
          </reporter-output>
        </test-method> <!-- Close_Browser -->
      </class> <!-- testPack.From_and_to_textbox -->
    </test> <!-- Test_RailYatra on Firefox -->
    <test started-at="2023-10-13T13:56:42 IST" name="Test_RailYatra on Edge" finished-at="2023-10-13T13:59:30 IST" duration-ms="167495">
      <class name="testPack.Calender_Textbox">
        <test-method is-config="true" signature="OpenBrowser(java.lang.String)[pri:0, instance:testPack.Calender_Textbox@2cd76f31]" started-at="2023-10-13T13:56:42 IST" name="OpenBrowser" finished-at="2023-10-13T13:57:31 IST" duration-ms="48886" status="PASS">
          <params>
            <param index="0">
              <value>
                <![CDATA[Edge]]>
              </value>
            </param>
          </params>
          <reporter-output>
          </reporter-output>
        </test-method> <!-- OpenBrowser -->
        <test-method is-config="true" signature="Creating_Object()[pri:0, instance:testPack.Calender_Textbox@2cd76f31]" started-at="2023-10-13T13:58:25 IST" name="Creating_Object" finished-at="2023-10-13T13:58:25 IST" duration-ms="1" status="PASS">
          <reporter-output>
          </reporter-output>
        </test-method> <!-- Creating_Object -->
        <test-method signature="Verify_Calender_Textbox()[pri:0, instance:testPack.Calender_Textbox@2cd76f31]" started-at="2023-10-13T13:58:25 IST" name="Verify_Calender_Textbox" finished-at="2023-10-13T13:59:01 IST" duration-ms="36190" status="PASS">
          <reporter-output>
          </reporter-output>
        </test-method> <!-- Verify_Calender_Textbox -->
        <test-method is-config="true" signature="TakeScreenShot_Of_Failed_Test_Methods(org.testng.ITestResult)[pri:0, instance:testPack.Calender_Textbox@2cd76f31]" started-at="2023-10-13T13:59:01 IST" name="TakeScreenShot_Of_Failed_Test_Methods" finished-at="2023-10-13T13:59:01 IST" duration-ms="2" status="PASS">
          <params>
            <param index="0">
              <value>
                <![CDATA[[TestResult name=Verify_Calender_Textbox status=SUCCESS method=Calender_Textbox.Verify_Calender_Textbox()[pri:0, instance:testPack.Calender_Textbox@2cd76f31] output={null}]]]>
              </value>
            </param>
          </params>
          <reporter-output>
          </reporter-output>
        </test-method> <!-- TakeScreenShot_Of_Failed_Test_Methods -->
        <test-method is-config="true" signature="Clear_Objects()[pri:0, instance:testPack.Calender_Textbox@2cd76f31]" started-at="2023-10-13T13:59:01 IST" name="Clear_Objects" finished-at="2023-10-13T13:59:01 IST" duration-ms="2" status="PASS">
          <reporter-output>
          </reporter-output>
        </test-method> <!-- Clear_Objects -->
        <test-method is-config="true" signature="Close_Browser()[pri:0, instance:testPack.Calender_Textbox@2cd76f31]" started-at="2023-10-13T13:59:29 IST" name="Close_Browser" finished-at="2023-10-13T13:59:29 IST" duration-ms="326" status="PASS">
          <reporter-output>
          </reporter-output>
        </test-method> <!-- Close_Browser -->
      </class> <!-- testPack.Calender_Textbox -->
      <class name="testPack.From_and_to_textbox">
        <test-method is-config="true" signature="Open_Browser(java.lang.String)[pri:0, instance:testPack.From_and_to_textbox@367ffa75]" started-at="2023-10-13T13:57:31 IST" name="Open_Browser" finished-at="2023-10-13T13:58:25 IST" duration-ms="53931" status="PASS">
          <params>
            <param index="0">
              <value>
                <![CDATA[Edge]]>
              </value>
            </param>
          </params>
          <reporter-output>
          </reporter-output>
        </test-method> <!-- Open_Browser -->
        <test-method is-config="true" signature="Creating_Objects()[pri:0, instance:testPack.From_and_to_textbox@367ffa75]" started-at="2023-10-13T13:59:01 IST" name="Creating_Objects" finished-at="2023-10-13T13:59:01 IST" duration-ms="1" status="PASS">
          <reporter-output>
          </reporter-output>
        </test-method> <!-- Creating_Objects -->
        <test-method signature="Verify_From_Side_Textbox()[pri:0, instance:testPack.From_and_to_textbox@367ffa75]" started-at="2023-10-13T13:59:01 IST" name="Verify_From_Side_Textbox" finished-at="2023-10-13T13:59:25 IST" duration-ms="23956" status="PASS">
          <reporter-output>
          </reporter-output>
        </test-method> <!-- Verify_From_Side_Textbox -->
        <test-method is-config="true" signature="TakeScreenShot_Of_Failed_Test_Methods(org.testng.ITestResult)[pri:0, instance:testPack.From_and_to_textbox@367ffa75]" started-at="2023-10-13T13:59:25 IST" name="TakeScreenShot_Of_Failed_Test_Methods" finished-at="2023-10-13T13:59:25 IST" duration-ms="1" status="PASS">
          <params>
            <param index="0">
              <value>
                <![CDATA[[TestResult name=Verify_From_Side_Textbox status=SUCCESS method=From_and_to_textbox.Verify_From_Side_Textbox()[pri:0, instance:testPack.From_and_to_textbox@367ffa75] output={null}]]]>
              </value>
            </param>
          </params>
          <reporter-output>
          </reporter-output>
        </test-method> <!-- TakeScreenShot_Of_Failed_Test_Methods -->
        <test-method signature="Verify_To_Side_Textbox()[pri:0, instance:testPack.From_and_to_textbox@367ffa75]" started-at="2023-10-13T13:59:25 IST" name="Verify_To_Side_Textbox" finished-at="2023-10-13T13:59:29 IST" duration-ms="3773" status="PASS">
          <reporter-output>
          </reporter-output>
        </test-method> <!-- Verify_To_Side_Textbox -->
        <test-method is-config="true" signature="TakeScreenShot_Of_Failed_Test_Methods(org.testng.ITestResult)[pri:0, instance:testPack.From_and_to_textbox@367ffa75]" started-at="2023-10-13T13:59:29 IST" name="TakeScreenShot_Of_Failed_Test_Methods" finished-at="2023-10-13T13:59:29 IST" duration-ms="1" status="PASS">
          <params>
            <param index="0">
              <value>
                <![CDATA[[TestResult name=Verify_To_Side_Textbox status=SUCCESS method=From_and_to_textbox.Verify_To_Side_Textbox()[pri:0, instance:testPack.From_and_to_textbox@367ffa75] output={null}]]]>
              </value>
            </param>
          </params>
          <reporter-output>
          </reporter-output>
        </test-method> <!-- TakeScreenShot_Of_Failed_Test_Methods -->
        <test-method is-config="true" signature="Clear_Object()[pri:0, instance:testPack.From_and_to_textbox@367ffa75]" started-at="2023-10-13T13:59:29 IST" name="Clear_Object" finished-at="2023-10-13T13:59:29 IST" duration-ms="1" status="PASS">
          <reporter-output>
          </reporter-output>
        </test-method> <!-- Clear_Object -->
        <test-method is-config="true" signature="Close_Browser()[pri:0, instance:testPack.From_and_to_textbox@367ffa75]" started-at="2023-10-13T13:59:29 IST" name="Close_Browser" finished-at="2023-10-13T13:59:30 IST" duration-ms="310" status="PASS">
          <reporter-output>
          </reporter-output>
        </test-method> <!-- Close_Browser -->
      </class> <!-- testPack.From_and_to_textbox -->
    </test> <!-- Test_RailYatra on Edge -->
  </suite> <!-- RailYatra_Suite -->
</testng-results>
